100r.co Archive Summary 
 
Archive created: 24.11.2025  0:08:09,46 
 
Generated files: 
 Том в устройстве C имеет метку ADL900PRO1
 Серийный номер тома: 8803-289E

 Содержимое папки C:\Archives\100r

23.11.2025  23:29       173 834 332 100r-co-00000.warc.gz
23.11.2025  23:29            57 854 100r-co-meta.warc.gz

 Содержимое папки C:\Archives\100r

23.11.2025  23:29           394 494 100r-co.cdx

 Содержимое папки C:\Archives\100r

23.11.2025  23:29           806 912 site-archive.db
               4 файлов    175 093 592 байт
               0 папок  1 458 155 110 400 байт свободно
 
Database statistics: 
Total URLs processed: 
3744
Successfully downloaded: 
2091
URLs with errors: 
0
URLs in WARC visits: 
0
 
Sample archived URLs: 
https://100r.co/
https://100r.co/site/home.html
https://100r.co/media/services/icon.png
https://100r.co/media/services/icon.jpg
https://100r.co/links/main.css
https://100r.co/site/knowledge.html
https://100r.co/site/san_juan_islands.html
https://100r.co/site/2022.html
https://100r.co/site/left.html
https://100r.co/media/interface/knowledge_txt_underline.png
